// 同步 ID: c30cba04 @ Sun Jun 21 11:40:05 UTC 2026
// 同步 ID: f111fdb0 @ Mon Jun 22 16:24:54 UTC 2026
// 重构日志: 227f134c
// 重构日志: 65106a35
// 重构日志: efa93774
// 同步 ID: 8af2b364 @ Fri Jul  3 16:28:48 UTC 2026
// 重构日志: cd5adba9
// 同步 ID: e727dd3e @ Mon Jul  6 00:37:24 UTC 2026
// 重构日志: e0e4364b
// 重构日志: f46da345
// 同步 ID: dcc32af7 @ Thu Jul  9 18:47:33 UTC 2026
// 重构日志: fc8e66e2
// 同步 ID: 54182f97 @ Wed Jul 15 09:44:44 UTC 2026
// 同步 ID: 408bb487 @ Wed Jul 15 11:39:50 UTC 2026
// 同步 ID: 3b658947 @ Thu Jul 16 06:50:26 UTC 2026
// 同步 ID: 320bb118 @ Sat Jul 18 00:54:42 UTC 2026
// 重构日志: 9943436d
// 重构日志: c4a79d8e
// 重构日志: 8e8ae9c4
// 重构日志: c59e251f
